{
  "stats": {
    "suites": 1,
    "tests": 2,
    "passes": 2,
    "pending": 0,
    "failures": 0,
    "start": "2023-04-25T14:08:41.783Z",
    "end": "2023-04-25T14:08:48.417Z",
    "duration": 6634,
    "testsRegistered": 2,
    "passPercent": 100,
    "pendingPercent": 0,
    "other": 0,
    "hasOther": false,
    "skipped": 0,
    "hasSkipped": false
  },
  "results": [
    {
      "uuid": "b766d290-6a27-4e70-b19b-2f5eee9d7640",
      "title": "",
      "fullFile": "cypress\\e2e\\Deleting-tasks.cy.js",
      "file": "cypress\\e2e\\Deleting-tasks.cy.js",
      "beforeHooks": [],
      "afterHooks": [],
      "tests": [],
      "suites": [
        {
          "uuid": "a51a5b70-a644-451d-b24d-790736d42e63",
          "title": "ToDoMVC - Deleting tasks",
          "fullFile": "",
          "file": "",
          "beforeHooks": [],
          "afterHooks": [],
          "tests": [
            {
              "title": " Delete tasks using the x button when hovering over a task",
              "fullTitle": "ToDoMVC - Deleting tasks  Delete tasks using the x button when hovering over a task",
              "timedOut": null,
              "duration": 1743,
              "state": "passed",
              "speed": "fast",
              "pass": true,
              "fail": false,
              "pending": false,
              "context": null,
              "code": "cy.get('button.destroy').eq(0).click({\n  force: true\n});\ncy.get('.todo-list li').find('label').eq(0).should('contain', 'Task 2');\ncy.get('.todo-list li').find('label').eq(1).should('contain', 'Task 3');",
              "err": {},
              "uuid": "328e894c-1a1c-458e-a143-246167a754bf",
              "parentUUID": "a51a5b70-a644-451d-b24d-790736d42e63",
              "isHook": false,
              "skipped": false
            },
            {
              "title": "Clear all completed tasks using the \"Clear completed\" button",
              "fullTitle": "ToDoMVC - Deleting tasks Clear all completed tasks using the \"Clear completed\" button",
              "timedOut": null,
              "duration": 1816,
              "state": "passed",
              "speed": "fast",
              "pass": true,
              "fail": false,
              "pending": false,
              "context": null,
              "code": "cy.get('input.toggle').eq(0).click();\ncy.get(\".clear-completed\").click();\ncy.get('.todo-list li').find('label').eq(0).should('contain', 'Task 2');\ncy.get('.todo-list li').find('label').eq(1).should('contain', 'Task 3');",
              "err": {},
              "uuid": "b1ce8f31-4068-426c-a81a-5bc03b92277f",
              "parentUUID": "a51a5b70-a644-451d-b24d-790736d42e63",
              "isHook": false,
              "skipped": false
            }
          ],
          "suites": [],
          "passes": [
            "328e894c-1a1c-458e-a143-246167a754bf",
            "b1ce8f31-4068-426c-a81a-5bc03b92277f"
          ],
          "failures": [],
          "pending": [],
          "skipped": [],
          "duration": 3559,
          "root": false,
          "rootEmpty": false,
          "_timeout": 2000
        }
      ],
      "passes": [],
      "failures": [],
      "pending": [],
      "skipped": [],
      "duration": 0,
      "root": true,
      "rootEmpty": true,
      "_timeout": 2000
    }
  ],
  "meta": {
    "mocha": {
      "version": "7.0.1"
    },
    "mochawesome": {
      "options": {
        "quiet": false,
        "reportFilename": "mochawesome",
        "saveHtml": true,
        "saveJson": true,
        "consoleReporter": "spec",
        "useInlineDiffs": false,
        "code": true
      },
      "version": "7.1.3"
    },
    "marge": {
      "options": {
        "id": "default",
        "reportDir": "cypress/reports",
        "overwrite": false,
        "html": true,
        "json": true
      },
      "version": "6.2.0"
    }
  }
}