{
  "stats": {
    "suites": 1,
    "tests": 2,
    "passes": 2,
    "pending": 0,
    "failures": 0,
    "start": "2023-04-25T14:08:03.192Z",
    "end": "2023-04-25T14:08:11.228Z",
    "duration": 8036,
    "testsRegistered": 2,
    "passPercent": 100,
    "pendingPercent": 0,
    "other": 0,
    "hasOther": false,
    "skipped": 0,
    "hasSkipped": false
  },
  "results": [
    {
      "uuid": "e3e7cca0-e25f-471d-b3dc-d0c189ee6cda",
      "title": "",
      "fullFile": "cypress\\e2e\\Adding-tasks.cy.js",
      "file": "cypress\\e2e\\Adding-tasks.cy.js",
      "beforeHooks": [],
      "afterHooks": [],
      "tests": [],
      "suites": [
        {
          "uuid": "0caf1976-7d74-4f76-82ff-91d1d971ca66",
          "title": "ToDoMVC - Adding tasks",
          "fullFile": "",
          "file": "",
          "beforeHooks": [],
          "afterHooks": [],
          "tests": [
            {
              "title": "should add a single task",
              "fullTitle": "ToDoMVC - Adding tasks should add a single task",
              "timedOut": null,
              "duration": 2615,
              "state": "passed",
              "speed": "fast",
              "pass": true,
              "fail": false,
              "pending": false,
              "context": null,
              "code": "cy.get(\".new-todo\").type(\"My first task{enter}\");\ncy.get(\".todo-list li\").should(\"have.length\", 1);\ncy.get(\".todo-list li label\").should(\"contain\", \"My first task\");",
              "err": {},
              "uuid": "69010fff-bde0-40d0-945b-4bb1d7a7c585",
              "parentUUID": "0caf1976-7d74-4f76-82ff-91d1d971ca66",
              "isHook": false,
              "skipped": false
            },
            {
              "title": "should add multiple tasks",
              "fullTitle": "ToDoMVC - Adding tasks should add multiple tasks",
              "timedOut": null,
              "duration": 1592,
              "state": "passed",
              "speed": "fast",
              "pass": true,
              "fail": false,
              "pending": false,
              "context": null,
              "code": "const tasks = [\"Task 1\", \"Task 2\", \"Task 3\"];\ntasks.forEach((task, index) => {\n  cy.get(\".new-todo\").type(`${task}{enter}`);\n  cy.get(\".todo-list li\").eq(index).find(\"label\").should(\"contain\", task);\n});\ncy.get(\".todo-list li\").should(\"have.length\", tasks.length);",
              "err": {},
              "uuid": "65384296-51ed-44f0-9d55-1a0afe4801ae",
              "parentUUID": "0caf1976-7d74-4f76-82ff-91d1d971ca66",
              "isHook": false,
              "skipped": false
            }
          ],
          "suites": [],
          "passes": [
            "69010fff-bde0-40d0-945b-4bb1d7a7c585",
            "65384296-51ed-44f0-9d55-1a0afe4801ae"
          ],
          "failures": [],
          "pending": [],
          "skipped": [],
          "duration": 4207,
          "root": false,
          "rootEmpty": false,
          "_timeout": 2000
        }
      ],
      "passes": [],
      "failures": [],
      "pending": [],
      "skipped": [],
      "duration": 0,
      "root": true,
      "rootEmpty": true,
      "_timeout": 2000
    }
  ],
  "meta": {
    "mocha": {
      "version": "7.0.1"
    },
    "mochawesome": {
      "options": {
        "quiet": false,
        "reportFilename": "mochawesome",
        "saveHtml": true,
        "saveJson": true,
        "consoleReporter": "spec",
        "useInlineDiffs": false,
        "code": true
      },
      "version": "7.1.3"
    },
    "marge": {
      "options": {
        "id": "default",
        "reportDir": "cypress/reports",
        "overwrite": false,
        "html": true,
        "json": true
      },
      "version": "6.2.0"
    }
  }
}