{
  "stats": {
    "suites": 1,
    "tests": 4,
    "passes": 4,
    "pending": 0,
    "failures": 0,
    "start": "2023-04-25T14:09:29.691Z",
    "end": "2023-04-25T14:09:39.761Z",
    "duration": 10070,
    "testsRegistered": 4,
    "passPercent": 100,
    "pendingPercent": 0,
    "other": 0,
    "hasOther": false,
    "skipped": 0,
    "hasSkipped": false
  },
  "results": [
    {
      "uuid": "a89f01bd-5224-4aa0-963f-61ce7481e5ee",
      "title": "",
      "fullFile": "cypress\\e2e\\Task-counter.cy.js",
      "file": "cypress\\e2e\\Task-counter.cy.js",
      "beforeHooks": [],
      "afterHooks": [],
      "tests": [],
      "suites": [
        {
          "uuid": "470ca8b5-54d3-4f90-a057-39f3e0ac612d",
          "title": "ToDoMVC - Task counter",
          "fullFile": "",
          "file": "",
          "beforeHooks": [],
          "afterHooks": [],
          "tests": [
            {
              "title": "Ensure the task counter displays the correct number of active tasks (ADD TASKS)",
              "fullTitle": "ToDoMVC - Task counter Ensure the task counter displays the correct number of active tasks (ADD TASKS)",
              "timedOut": null,
              "duration": 1794,
              "state": "passed",
              "speed": "fast",
              "pass": true,
              "fail": false,
              "pending": false,
              "context": null,
              "code": "cy.get('.todo-count').should($counter => {\n  const expectedCount = Cypress.$('.todo-list li').length;\n  expect($counter).to.contain(expectedCount + ' items left');\n});",
              "err": {},
              "uuid": "ec201b1e-3f7d-47f0-bf75-790ac0c4daee",
              "parentUUID": "470ca8b5-54d3-4f90-a057-39f3e0ac612d",
              "isHook": false,
              "skipped": false
            },
            {
              "title": "Ensure the task counter displays the correct number of active tasks (COMPLETE TASKS)",
              "fullTitle": "ToDoMVC - Task counter Ensure the task counter displays the correct number of active tasks (COMPLETE TASKS)",
              "timedOut": null,
              "duration": 1543,
              "state": "passed",
              "speed": "fast",
              "pass": true,
              "fail": false,
              "pending": false,
              "context": null,
              "code": "cy.get('input.toggle').eq(0).click();\ncy.get('.footer li a[href=\"#/active\"]').click();\ncy.get('.todo-count').should($counter => {\n  const expectedCount = Cypress.$('.todo-list li').length;\n  expect($counter).to.contain(expectedCount + ' items left');\n});",
              "err": {},
              "uuid": "934f72fb-97a6-49ec-b156-888dd5897d34",
              "parentUUID": "470ca8b5-54d3-4f90-a057-39f3e0ac612d",
              "isHook": false,
              "skipped": false
            },
            {
              "title": "Ensure the task counter displays the correct number of active tasks (UNCOMPLETE TASKS)",
              "fullTitle": "ToDoMVC - Task counter Ensure the task counter displays the correct number of active tasks (UNCOMPLETE TASKS)",
              "timedOut": null,
              "duration": 2128,
              "state": "passed",
              "speed": "fast",
              "pass": true,
              "fail": false,
              "pending": false,
              "context": null,
              "code": "cy.get('input.toggle').eq(0).click();\ncy.get('.footer li a[href=\"#/completed\"]').click();\ncy.get('input.toggle').click();\ncy.get('.footer li a[href=\"#/active\"]').click();\ncy.get('.todo-count').should($counter => {\n  const expectedCount = Cypress.$('.todo-list li').length;\n  expect($counter).to.contain(expectedCount + ' items left');\n});",
              "err": {},
              "uuid": "a077decb-b8ef-45f9-bc2a-23992dc852d1",
              "parentUUID": "470ca8b5-54d3-4f90-a057-39f3e0ac612d",
              "isHook": false,
              "skipped": false
            },
            {
              "title": "Ensure the task counter displays the correct number of active tasks (REMOVE TASKS)",
              "fullTitle": "ToDoMVC - Task counter Ensure the task counter displays the correct number of active tasks (REMOVE TASKS)",
              "timedOut": null,
              "duration": 1628,
              "state": "passed",
              "speed": "fast",
              "pass": true,
              "fail": false,
              "pending": false,
              "context": null,
              "code": "cy.get('input.toggle').eq(0).click();\ncy.get('button.destroy').eq(1).click({\n  force: true\n});\ncy.get(\".clear-completed\").click();\ncy.get('.footer li a[href=\"#/active\"]').click();\ncy.get('.todo-count').should($counter => {\n  const expectedCount = Cypress.$('.todo-list li').length;\n  expect($counter).to.contain(expectedCount + ' items left');\n});",
              "err": {},
              "uuid": "9064ddb2-c0dd-4cfd-a0fe-0112a63b631b",
              "parentUUID": "470ca8b5-54d3-4f90-a057-39f3e0ac612d",
              "isHook": false,
              "skipped": false
            }
          ],
          "suites": [],
          "passes": [
            "ec201b1e-3f7d-47f0-bf75-790ac0c4daee",
            "934f72fb-97a6-49ec-b156-888dd5897d34",
            "a077decb-b8ef-45f9-bc2a-23992dc852d1",
            "9064ddb2-c0dd-4cfd-a0fe-0112a63b631b"
          ],
          "failures": [],
          "pending": [],
          "skipped": [],
          "duration": 7093,
          "root": false,
          "rootEmpty": false,
          "_timeout": 2000
        }
      ],
      "passes": [],
      "failures": [],
      "pending": [],
      "skipped": [],
      "duration": 0,
      "root": true,
      "rootEmpty": true,
      "_timeout": 2000
    }
  ],
  "meta": {
    "mocha": {
      "version": "7.0.1"
    },
    "mochawesome": {
      "options": {
        "quiet": false,
        "reportFilename": "mochawesome",
        "saveHtml": true,
        "saveJson": true,
        "consoleReporter": "spec",
        "useInlineDiffs": false,
        "code": true
      },
      "version": "7.1.3"
    },
    "marge": {
      "options": {
        "id": "default",
        "reportDir": "cypress/reports",
        "overwrite": false,
        "html": true,
        "json": true
      },
      "version": "6.2.0"
    }
  }
}