{
  "stats": {
    "suites": 1,
    "tests": 4,
    "passes": 4,
    "pending": 0,
    "failures": 0,
    "start": "2023-04-25T14:08:56.044Z",
    "end": "2023-04-25T14:09:05.936Z",
    "duration": 9892,
    "testsRegistered": 4,
    "passPercent": 100,
    "pendingPercent": 0,
    "other": 0,
    "hasOther": false,
    "skipped": 0,
    "hasSkipped": false
  },
  "results": [
    {
      "uuid": "0aae78b2-d7d6-4920-8084-aa29863fd7c2",
      "title": "",
      "fullFile": "cypress\\e2e\\Editing-tasks.cy.js",
      "file": "cypress\\e2e\\Editing-tasks.cy.js",
      "beforeHooks": [],
      "afterHooks": [],
      "tests": [],
      "suites": [
        {
          "uuid": "15896bfd-b9df-4861-9636-126bfcad2bba",
          "title": "ToDoMVC - Editing tasks",
          "fullFile": "",
          "file": "",
          "beforeHooks": [],
          "afterHooks": [],
          "tests": [
            {
              "title": "Editing tasks by double click ",
              "fullTitle": "ToDoMVC - Editing tasks Editing tasks by double click ",
              "timedOut": null,
              "duration": 1852,
              "state": "passed",
              "speed": "fast",
              "pass": true,
              "fail": false,
              "pending": false,
              "context": null,
              "code": "cy.get('.todo-list li').eq(1).find('label').dblclick();",
              "err": {},
              "uuid": "1a63762a-2024-4d01-8a6b-2e9e77bd4fd4",
              "parentUUID": "15896bfd-b9df-4861-9636-126bfcad2bba",
              "isHook": false,
              "skipped": false
            },
            {
              "title": "Save edited tasks by pressing enter",
              "fullTitle": "ToDoMVC - Editing tasks Save edited tasks by pressing enter",
              "timedOut": null,
              "duration": 1705,
              "state": "passed",
              "speed": "fast",
              "pass": true,
              "fail": false,
              "pending": false,
              "context": null,
              "code": "cy.get('.todo-list li').eq(1).find('label').dblclick();\ncy.get('.todo-list li.editing .edit').clear().type('Task 2 edited{enter}');\ncy.get('.todo-list li').eq(1).find('label').should('contain', 'Task 2 edited');",
              "err": {},
              "uuid": "d52653d3-01df-4bea-a5e3-9e25cd8e417a",
              "parentUUID": "15896bfd-b9df-4861-9636-126bfcad2bba",
              "isHook": false,
              "skipped": false
            },
            {
              "title": "Save edited tasks by clicking outside the input field",
              "fullTitle": "ToDoMVC - Editing tasks Save edited tasks by clicking outside the input field",
              "timedOut": null,
              "duration": 1744,
              "state": "passed",
              "speed": "fast",
              "pass": true,
              "fail": false,
              "pending": false,
              "context": null,
              "code": "cy.get('.todo-list li').eq(0).find('label').dblclick();\ncy.get('.todo-list li.editing .edit').clear().type('Task 1 edited');\ncy.get('html').click();\ncy.get('.todo-list li').eq(0).find('label').should('contain', 'Task 1 edited');",
              "err": {},
              "uuid": "9a0b47e0-8b56-4d7b-b546-70e80b9aace2",
              "parentUUID": "15896bfd-b9df-4861-9636-126bfcad2bba",
              "isHook": false,
              "skipped": false
            },
            {
              "title": "Cancel editing tasks by pressing the Esc key",
              "fullTitle": "ToDoMVC - Editing tasks Cancel editing tasks by pressing the Esc key",
              "timedOut": null,
              "duration": 1654,
              "state": "passed",
              "speed": "fast",
              "pass": true,
              "fail": false,
              "pending": false,
              "context": null,
              "code": "cy.get('.todo-list li').eq(2).find('label').dblclick();\ncy.get('.todo-list li.editing .edit').clear().type('Task 3 edited{esc}');\ncy.get('.todo-list li').eq(2).find('label').should('contain', 'Task 3');",
              "err": {},
              "uuid": "9342859e-6b30-44d3-8042-22e3917fd0f3",
              "parentUUID": "15896bfd-b9df-4861-9636-126bfcad2bba",
              "isHook": false,
              "skipped": false
            }
          ],
          "suites": [],
          "passes": [
            "1a63762a-2024-4d01-8a6b-2e9e77bd4fd4",
            "d52653d3-01df-4bea-a5e3-9e25cd8e417a",
            "9a0b47e0-8b56-4d7b-b546-70e80b9aace2",
            "9342859e-6b30-44d3-8042-22e3917fd0f3"
          ],
          "failures": [],
          "pending": [],
          "skipped": [],
          "duration": 6955,
          "root": false,
          "rootEmpty": false,
          "_timeout": 2000
        }
      ],
      "passes": [],
      "failures": [],
      "pending": [],
      "skipped": [],
      "duration": 0,
      "root": true,
      "rootEmpty": true,
      "_timeout": 2000
    }
  ],
  "meta": {
    "mocha": {
      "version": "7.0.1"
    },
    "mochawesome": {
      "options": {
        "quiet": false,
        "reportFilename": "mochawesome",
        "saveHtml": true,
        "saveJson": true,
        "consoleReporter": "spec",
        "useInlineDiffs": false,
        "code": true
      },
      "version": "7.1.3"
    },
    "marge": {
      "options": {
        "id": "default",
        "reportDir": "cypress/reports",
        "overwrite": false,
        "html": true,
        "json": true
      },
      "version": "6.2.0"
    }
  }
}